TN:
SF:config.ts
FNF:0
FNH:0
DA:1,1
LF:1
LH:1
BRDA:2,0,0,1
BRDA:2,0,1,1
BRDA:3,1,0,1
BRDA:3,1,1,0
BRDA:4,2,0,1
BRDA:4,2,1,0
BRF:6
BRH:4
end_of_record
TN:
SF:api-part/pages/contactApiPage.ts
FN:7,(anonymous_0)
FN:11,(anonymous_1)
FN:22,(anonymous_2)
FN:27,(anonymous_3)
FN:32,(anonymous_4)
FN:37,(anonymous_5)
FN:42,(anonymous_6)
FNF:7
FNH:4
FNDA:1,(anonymous_0)
FNDA:1,(anonymous_1)
FNDA:2,(anonymous_2)
FNDA:0,(anonymous_3)
FNDA:0,(anonymous_4)
FNDA:0,(anonymous_5)
FNDA:28,(anonymous_6)
DA:1,1
DA:4,1
DA:8,1
DA:12,1
DA:17,1
DA:18,1
DA:19,1
DA:23,2
DA:24,2
DA:28,0
DA:29,0
DA:33,0
DA:34,0
DA:38,0
DA:39,0
DA:43,28
LF:16
LH:10
BRF:0
BRH:0
end_of_record
TN:
SF:api-part/services/apiClient.ts
FN:8,(anonymous_1)
FN:20,(anonymous_2)
FN:24,(anonymous_3)
FN:38,(anonymous_4)
FN:43,(anonymous_5)
FN:48,(anonymous_6)
FN:52,(anonymous_7)
FN:56,(anonymous_8)
FN:60,(anonymous_9)
FN:64,(anonymous_10)
FNF:10
FNH:6
FNDA:1,(anonymous_1)
FNDA:31,(anonymous_2)
FNDA:0,(anonymous_3)
FNDA:1,(anonymous_4)
FNDA:0,(anonymous_5)
FNDA:2,(anonymous_6)
FNDA:1,(anonymous_7)
FNDA:0,(anonymous_8)
FNDA:28,(anonymous_9)
FNDA:0,(anonymous_10)
DA:1,1
DA:3,1
DA:6,1
DA:9,1
DA:10,1
DA:19,1
DA:22,31
DA:25,0
DA:26,0
DA:31,0
DA:33,0
DA:39,1
DA:40,1
DA:44,0
DA:45,0
DA:49,2
DA:53,1
DA:57,0
DA:61,28
DA:65,0
LF:20
LH:12
BRDA:25,0,0,0
BRDA:25,0,1,0
BRDA:27,1,0,0
BRDA:27,1,1,0
BRDA:27,2,0,0
BRDA:27,2,1,0
BRF:6
BRH:0
end_of_record
